<?xml version="1.0" encoding="UTF-8"?>
<!-- Generated by org.testng.reporters.JUnitXMLReporter -->
<testsuite hostname="DESKTOP-N7G24QF" ignored="0" name="Test" tests="4" failures="0" timestamp="2021-08-02T17:32:07 GST" time="33.223" errors="0">
  <testcase name="validateNavigation" time="0.224" classname="Academy.ValidateNavigationTest"/>
  <testcase name="basePageNavigation" time="9.027" classname="Academy.HomePageTest"/>
  <testcase name="basePageNavigation" time="4.016" classname="Academy.HomePageTest"/>
  <testcase name="validateTtile" time="0.068" classname="Academy.ValidateTitleTest"/>
</testsuite> <!-- Test -->
