<?xml version="1.0" encoding="UTF-8"?>
<!-- Generated by org.testng.reporters.JUnitXMLReporter -->
<testsuite hostname="DESKTOP-N7G24QF" ignored="0" name="ValidateTitleTest" tests="1" failures="1" timestamp="2021-08-03T09:48:30 GST" time="29.737" errors="0">
  <testcase name="validateTtile" time="0.266" classname="Academy.ValidateTitleTest">
    <failure type="java.lang.AssertionError" message="expected [FEATURED123 COURSES] but found [FEATURED COURSES]">
      <![CDATA[java.lang.AssertionError: expected [FEATURED123 COURSES] but found [FEATURED COURSES]
at Academy.ValidateTitleTest.validateTtile(ValidateTitleTest.java:35)
at java.util.ArrayList.forEach(Unknown Source)
at java.util.concurrent.FutureTask.run(Unknown Source)
at java.util.concurrent.ThreadPoolExecutor.runWorker(Unknown Source)
at java.util.concurrent.ThreadPoolExecutor$Worker.run(Unknown Source)
at java.lang.Thread.run(Unknown Source)
... Removed 24 stack frames]]>
    </failure>
  </testcase> <!-- validateTtile -->
</testsuite> <!-- ValidateTitleTest -->
