<?xml version="1.0" encoding="UTF-8"?>
<!-- Generated by org.testng.reporters.JUnitXMLReporter -->
<testsuite hostname="DESKTOP-N7G24QF" ignored="0" name="Test" tests="4" failures="0" timestamp="2021-08-02T22:01:33 GST" time="30.379" errors="0">
  <testcase name="validateNavigation" time="0.274" classname="Academy.ValidateNavigationTest"/>
  <testcase name="basePageNavigation" time="5.875" classname="Academy.HomePageTest"/>
  <testcase name="basePageNavigation" time="1.662" classname="Academy.HomePageTest"/>
  <testcase name="validateTtile" time="0.032" classname="Academy.ValidateTitleTest"/>
</testsuite> <!-- Test -->
