<?xml version="1.0" encoding="UTF-8"?>
<!-- Generated by org.testng.reporters.JUnitXMLReporter -->
<testsuite hostname="DESKTOP-N7G24QF" ignored="0" name="ValidateTitleTest" tests="1" failures="1" timestamp="2021-08-03T22:25:50 GST" time="26.335" errors="0">
  <testcase name="validateTtile" time="1.401" classname="Academy.ValidateTitleTest">
    <failure type="java.lang.AssertionError" message="expected [FEATURED123 COURSES] but found [FEATURED COURSES]">
      <![CDATA[java.lang.AssertionError: expected [FEATURED123 COURSES] but found [FEATURED COURSES]
at Academy.ValidateTitleTest.validateTtile(ValidateTitleTest.java:35)
at java.util.ArrayList.forEach(ArrayList.java:1259)
at java.util.concurrent.FutureTask.run(FutureTask.java:266)
at java.util.concurrent.ThreadPoolExecutor.runWorker(ThreadPoolExecutor.java:1149)
at java.util.concurrent.ThreadPoolExecutor$Worker.run(ThreadPoolExecutor.java:624)
at java.lang.Thread.run(Thread.java:748)
... Removed 24 stack frames]]>
    </failure>
  </testcase> <!-- validateTtile -->
</testsuite> <!-- ValidateTitleTest -->
